0 info it worked if it ends with ok
1 verbose cli [ 'D:\\Program Software\\nodejs\\node.exe',
1 verbose cli   'D:\\Program Software\\nodejs\\node_modules\\npm\\bin\\npm-cli.js',
1 verbose cli   'run-script',
1 verbose cli   'dev' ]
2 info using npm@3.10.10
3 info using node@v6.11.4
4 verbose stack Error: Failed to parse json
4 verbose stack Unexpected token '/' at 15:26
4 verbose stack     "vue-amap": "^0.3.1"//高德地图API
4 verbose stack                          ^
4 verbose stack     at parseError (D:\Program Software\nodejs\node_modules\npm\node_modules\read-package-json\read-json.js:390:11)
4 verbose stack     at parseJson (D:\Program Software\nodejs\node_modules\npm\node_modules\read-package-json\read-json.js:79:23)
4 verbose stack     at D:\Program Software\nodejs\node_modules\npm\node_modules\read-package-json\read-json.js:48:5
4 verbose stack     at D:\Program Software\nodejs\node_modules\npm\node_modules\graceful-fs\graceful-fs.js:78:16
4 verbose stack     at tryToString (fs.js:457:3)
4 verbose stack     at FSReqWrap.readFileAfterClose [as oncomplete] (fs.js:444:12)
5 verbose cwd D:\IntelliJ IDEA 2017.1\Web_Files\6_HouTai\houtai
6 error Windows_NT 6.1.7601
7 error argv "D:\\Program Software\\nodejs\\node.exe" "D:\\Program Software\\nodejs\\node_modules\\npm\\bin\\npm-cli.js" "run-script" "dev"
8 error node v6.11.4
9 error npm  v3.10.10
10 error file D:\IntelliJ IDEA 2017.1\Web_Files\6_HouTai\houtai\package.json
11 error code EJSONPARSE
12 error Failed to parse json
12 error Unexpected token '/' at 15:26
12 error     "vue-amap": "^0.3.1"//高德地图API
12 error                          ^
13 error File: D:\IntelliJ IDEA 2017.1\Web_Files\6_HouTai\houtai\package.json
14 error Failed to parse package.json data.
14 error package.json must be actual JSON, not just JavaScript.
14 error
14 error This is not a bug in npm.
14 error Tell the package author to fix their package.json file. JSON.parse
15 verbose exit [ 1, true ]
